<?xml version="1.0" encoding="UTF-8"?>
<!-- Generated by org.testng.reporters.JUnitReportReporter -->
<testsuite hostname="BDC11-L-7200DN4" failures="0" tests="1" name="Test123.test456.Base" time="27.028" errors="0" timestamp="31 Oct 2018 04:30:12 GMT" skipped="0">
  <testcase classname="Test123.test456.Base" name="testing" time="27.028"/>
</testsuite> <!-- Test123.test456.Base -->
